info: ::1 - - [13/Jul/2024:04:44:00 +0000] "GET /api/v1/ HTTP/1.1" 200 9 "-" "Mozilla/5.0 (Windows NT 10.0; Win64; x64) AppleWebKit/537.36 (KHTML, like Gecko) Chrome/126.0.0.0 Safari/537.36"

info: ::1 - - [13/Jul/2024:04:44:00 +0000] "GET /favicon.ico HTTP/1.1" 404 47 "-" "Mozilla/5.0 (Windows NT 10.0; Win64; x64) AppleWebKit/537.36 (KHTML, like Gecko) Chrome/126.0.0.0 Safari/537.36"

info: ::1 - - [13/Jul/2024:04:44:18 +0000] "GET /api/v1/users.getdata HTTP/1.1" 404 47 "-" "PostmanRuntime/7.40.0"

info: ::1 - - [13/Jul/2024:04:44:28 +0000] "GET /api/v1/users/getdata HTTP/1.1" 400 56 "-" "PostmanRuntime/7.40.0"

info: ::1 - - [13/Jul/2024:04:50:27 +0000] "GET /api/v1/users/getdata HTTP/1.1" 500 129 "-" "PostmanRuntime/7.40.0"

info: ::1 - - [13/Jul/2024:04:52:22 +0000] "GET /api/v1/users/getdata HTTP/1.1" 500 93 "-" "PostmanRuntime/7.40.0"

info: ::1 - - [13/Jul/2024:05:09:21 +0000] "GET /api/v1/users/getdata HTTP/1.1" 500 93 "-" "PostmanRuntime/7.40.0"

info: ::1 - - [13/Jul/2024:06:10:25 +0000] "POST /api/v1/user HTTP/1.1" 404 47 "-" "PostmanRuntime/7.40.0"

info: ::1 - - [13/Jul/2024:06:10:46 +0000] "GET /api/v1/users HTTP/1.1" 404 47 "-" "PostmanRuntime/7.40.0"

info: ::1 - - [13/Jul/2024:06:12:08 +0000] "POST /api/v1/user HTTP/1.1" 404 47 "-" "PostmanRuntime/7.40.0"

info: ::1 - - [13/Jul/2024:06:15:37 +0000] "POST /api/v1/users HTTP/1.1" 404 47 "-" "PostmanRuntime/7.40.0"

info: ::1 - - [13/Jul/2024:06:16:15 +0000] "POST /api/v1/users/user HTTP/1.1" 201 25 "-" "PostmanRuntime/7.40.0"

info: ::1 - - [13/Jul/2024:06:16:36 +0000] "GET /api/v1/users/users HTTP/1.1" 200 57 "-" "PostmanRuntime/7.40.0"

info: ::1 - - [13/Jul/2024:06:17:24 +0000] "POST /api/v1/users/user HTTP/1.1" 400 114 "-" "PostmanRuntime/7.40.0"

info: ::1 - - [13/Jul/2024:06:18:20 +0000] "GET /api/v1/users HTTP/1.1" 200 2 "-" "PostmanRuntime/7.40.0"

info: ::1 - - [13/Jul/2024:06:18:33 +0000] "GET /api/v1/user HTTP/1.1" 404 47 "-" "PostmanRuntime/7.40.0"

info: ::1 - - [13/Jul/2024:06:18:38 +0000] "GET /api/v1/users HTTP/1.1" 200 2 "-" "PostmanRuntime/7.40.0"

info: ::1 - - [13/Jul/2024:06:44:10 +0000] "GET /api/v1/users HTTP/1.1" 500 55 "-" "PostmanRuntime/7.40.0"

info: ::1 - - [13/Jul/2024:06:44:16 +0000] "POST /api/v1/users HTTP/1.1" 400 114 "-" "PostmanRuntime/7.40.0"

info: ::1 - - [13/Jul/2024:06:44:23 +0000] "POST /api/v1/users HTTP/1.1" 400 26 "-" "PostmanRuntime/7.40.0"

info: ::1 - - [13/Jul/2024:06:49:16 +0000] "POST /api/v1/users HTTP/1.1" 201 262 "-" "PostmanRuntime/7.40.0"

